<?xml version="1.0" encoding="UTF-8" standalone="yes"?><!DOCTYPE report PUBLIC "-//JACOCO//DTD Report 1.1//EN" "report.dtd"><report name="parking-system"><sessioninfo id="Air-de-Camelia-3a66da14" start="1623440127290" dump="1623440134523"/><sessioninfo id="Air-de-Camelia-e52bf92b" start="1623440270496" dump="1623440279704"/><sessioninfo id="Air-de-Camelia-8bcb18c" start="1623440303505" dump="1623440311845"/><sessioninfo id="Air-de-Camelia-8e741851" start="1623440877845" dump="1623440885590"/><sessioninfo id="Air-de-Camelia-b423a15f" start="1623441036924" dump="1623441045621"/></report>