<?xml version="1.0" encoding="UTF-8"?>
<testsuite xmlns:xsi="http://www.w3.org/2001/XMLSchema-instance" xsi:noNamespaceSchemaLocation="https://maven.apache.org/surefire/maven-surefire-plugin/xsd/surefire-test-report.xsd" name="com.parkit.parkingsystem.ParkingServiceTest" time="1.464" tests="9" errors="0" skipped="0" failures="0">
  <properties>
[...]
</properties>
  <testcase name="getVehicleTypeBikeTest" classname="com.parkit.parkingsystem.ParkingServiceTest" time="1.336"/>
  <testcase name="getVehicleTypeCarTest" classname="com.parkit.parkingsystem.ParkingServiceTest" time="0.005"/>
  <testcase name="getNextAvailableBikeSpot" classname="com.parkit.parkingsystem.ParkingServiceTest" time="0.046"/>
  <testcase name="getNextParkingCarIfAvailableTest" classname="com.parkit.parkingsystem.ParkingServiceTest" time="0.007"/>
  <testcase name="processExitingCarVehicleTest" classname="com.parkit.parkingsystem.ParkingServiceTest" time="0.012"/>
  <testcase name="processExitingBikeVehicleTest" classname="com.parkit.parkingsystem.ParkingServiceTest" time="0.013"/>
  <testcase name="getNextAvailableCarSpottTest" classname="com.parkit.parkingsystem.ParkingServiceTest" time="0.009"/>
  <testcase name="processIncomingVehicleTest" classname="com.parkit.parkingsystem.ParkingServiceTest" time="0.009"/>
  <testcase name="getNextParkingBikeIfAvailableTest" classname="com.parkit.parkingsystem.ParkingServiceTest" time="0.006"/>
</testsuite>